Wed Dec 12 2018 16:16:32 GMT+0530 (India Standard Time):GET /
Wed Dec 12 2018 16:16:34 GMT+0530 (India Standard Time):GET /
Wed Dec 12 2018 16:16:36 GMT+0530 (India Standard Time):GET /
Wed Dec 12 2018 16:16:41 GMT+0530 (India Standard Time):GET /
Wed Dec 12 2018 16:16:46 GMT+0530 (India Standard Time):GET /about
Wed Dec 12 2018 16:17:54 GMT+0530 (India Standard Time):GET /about
Wed Dec 12 2018 16:18:01 GMT+0530 (India Standard Time):GET /about
Wed Dec 12 2018 16:18:01 GMT+0530 (India Standard Time):GET /about
Wed Dec 12 2018 16:18:01 GMT+0530 (India Standard Time):GET /about
Wed Dec 12 2018 16:18:01 GMT+0530 (India Standard Time):GET /about
Wed Dec 12 2018 16:18:02 GMT+0530 (India Standard Time):GET /about
Wed Dec 12 2018 16:18:02 GMT+0530 (India Standard Time):GET /about
Wed Dec 12 2018 16:18:02 GMT+0530 (India Standard Time):GET /about
Wed Dec 12 2018 16:18:02 GMT+0530 (India Standard Time):GET /about
Wed Dec 12 2018 16:18:02 GMT+0530 (India Standard Time):GET /about
Wed Dec 12 2018 16:18:03 GMT+0530 (India Standard Time):GET /about
Wed Dec 12 2018 16:18:03 GMT+0530 (India Standard Time):GET /about
Wed Dec 12 2018 16:18:03 GMT+0530 (India Standard Time):GET /about
Wed Dec 12 2018 16:18:03 GMT+0530 (India Standard Time):GET /about
Wed Dec 12 2018 16:18:03 GMT+0530 (India Standard Time):GET /about
Wed Dec 12 2018 16:18:04 GMT+0530 (India Standard Time):GET /about
Wed Dec 12 2018 16:18:06 GMT+0530 (India Standard Time):GET /
Wed Dec 12 2018 16:18:10 GMT+0530 (India Standard Time):GET /
Wed Dec 12 2018 16:18:13 GMT+0530 (India Standard Time):GET /
Wed Dec 12 2018 16:18:15 GMT+0530 (India Standard Time):GET /
Wed Dec 12 2018 16:18:16 GMT+0530 (India Standard Time):GET /
Wed Dec 12 2018 16:18:16 GMT+0530 (India Standard Time):GET /
Wed Dec 12 2018 16:18:16 GMT+0530 (India Standard Time):GET /
Wed Dec 12 2018 16:18:16 GMT+0530 (India Standard Time):GET /
Wed Dec 12 2018 16:18:16 GMT+0530 (India Standard Time):GET /
Wed Dec 12 2018 16:18:16 GMT+0530 (India Standard Time):GET /
Wed Dec 12 2018 16:18:17 GMT+0530 (India Standard Time):GET /
Wed Dec 12 2018 16:18:17 GMT+0530 (India Standard Time):GET /
Wed Dec 12 2018 16:18:17 GMT+0530 (India Standard Time):GET /
Wed Dec 12 2018 16:18:17 GMT+0530 (India Standard Time):GET /
Wed Dec 12 2018 16:18:17 GMT+0530 (India Standard Time):GET /
Wed Dec 12 2018 16:18:17 GMT+0530 (India Standard Time):GET /
Wed Dec 12 2018 16:18:18 GMT+0530 (India Standard Time):GET /
Wed Dec 12 2018 16:18:18 GMT+0530 (India Standard Time):GET /
Wed Dec 12 2018 16:18:18 GMT+0530 (India Standard Time):GET /
Wed Dec 12 2018 16:18:18 GMT+0530 (India Standard Time):GET /
Wed Dec 12 2018 16:18:18 GMT+0530 (India Standard Time):GET /
Wed Dec 12 2018 16:18:19 GMT+0530 (India Standard Time):GET /
Wed Dec 12 2018 16:18:19 GMT+0530 (India Standard Time):GET /
Wed Dec 12 2018 16:18:19 GMT+0530 (India Standard Time):GET /
Wed Dec 12 2018 16:18:19 GMT+0530 (India Standard Time):GET /
Wed Dec 12 2018 16:18:19 GMT+0530 (India Standard Time):GET /
Wed Dec 12 2018 16:18:19 GMT+0530 (India Standard Time):GET /
Wed Dec 12 2018 16:18:20 GMT+0530 (India Standard Time):GET /
Wed Dec 12 2018 16:18:20 GMT+0530 (India Standard Time):GET /
Wed Dec 12 2018 16:18:20 GMT+0530 (India Standard Time):GET /
Wed Dec 12 2018 16:18:20 GMT+0530 (India Standard Time):GET /
Wed Dec 12 2018 16:18:20 GMT+0530 (India Standard Time):GET /
Wed Dec 12 2018 16:18:20 GMT+0530 (India Standard Time):GET /
Wed Dec 12 2018 16:18:21 GMT+0530 (India Standard Time):GET /
Wed Dec 12 2018 16:18:21 GMT+0530 (India Standard Time):GET /
Wed Dec 12 2018 16:18:21 GMT+0530 (India Standard Time):GET /
Wed Dec 12 2018 16:18:21 GMT+0530 (India Standard Time):GET /
Wed Dec 12 2018 16:18:22 GMT+0530 (India Standard Time):GET /
Wed Dec 12 2018 16:18:22 GMT+0530 (India Standard Time):GET /
Wed Dec 12 2018 16:18:22 GMT+0530 (India Standard Time):GET /
Wed Dec 12 2018 16:18:22 GMT+0530 (India Standard Time):GET /
Wed Dec 12 2018 16:18:23 GMT+0530 (India Standard Time):GET /
Wed Dec 12 2018 16:18:23 GMT+0530 (India Standard Time):GET /
Wed Dec 12 2018 16:18:23 GMT+0530 (India Standard Time):GET /
Wed Dec 12 2018 16:18:23 GMT+0530 (India Standard Time):GET /
Wed Dec 12 2018 16:18:25 GMT+0530 (India Standard Time):GET /
Wed Dec 12 2018 16:18:25 GMT+0530 (India Standard Time):GET /
Wed Dec 12 2018 16:18:26 GMT+0530 (India Standard Time):GET /
Wed Dec 12 2018 16:18:26 GMT+0530 (India Standard Time):GET /
Wed Dec 12 2018 16:18:26 GMT+0530 (India Standard Time):GET /
Wed Dec 12 2018 16:18:26 GMT+0530 (India Standard Time):GET /
Wed Dec 12 2018 16:18:26 GMT+0530 (India Standard Time):GET /
Wed Dec 12 2018 16:18:27 GMT+0530 (India Standard Time):GET /
Wed Dec 12 2018 16:18:27 GMT+0530 (India Standard Time):GET /
Wed Dec 12 2018 16:18:27 GMT+0530 (India Standard Time):GET /
Wed Dec 12 2018 16:18:27 GMT+0530 (India Standard Time):GET /
Wed Dec 12 2018 16:18:28 GMT+0530 (India Standard Time):GET /
Wed Dec 12 2018 16:18:28 GMT+0530 (India Standard Time):GET /
Wed Dec 12 2018 16:18:28 GMT+0530 (India Standard Time):GET /
Wed Dec 12 2018 16:18:28 GMT+0530 (India Standard Time):GET /
Wed Dec 12 2018 16:18:28 GMT+0530 (India Standard Time):GET /
Wed Dec 12 2018 16:18:29 GMT+0530 (India Standard Time):GET /
Wed Dec 12 2018 16:18:29 GMT+0530 (India Standard Time):GET /
Wed Dec 12 2018 16:18:29 GMT+0530 (India Standard Time):GET /
Wed Dec 12 2018 16:18:29 GMT+0530 (India Standard Time):GET /
Wed Dec 12 2018 16:18:29 GMT+0530 (India Standard Time):GET /
Wed Dec 12 2018 16:18:30 GMT+0530 (India Standard Time):GET /
Wed Dec 12 2018 16:18:31 GMT+0530 (India Standard Time):GET /
Wed Dec 12 2018 16:18:31 GMT+0530 (India Standard Time):GET /
Wed Dec 12 2018 16:18:31 GMT+0530 (India Standard Time):GET /
Wed Dec 12 2018 16:18:32 GMT+0530 (India Standard Time):GET /
Wed Dec 12 2018 16:18:32 GMT+0530 (India Standard Time):GET /
Wed Dec 12 2018 16:18:32 GMT+0530 (India Standard Time):GET /
Wed Dec 12 2018 16:18:33 GMT+0530 (India Standard Time):GET /
Wed Dec 12 2018 16:18:33 GMT+0530 (India Standard Time):GET /
Wed Dec 12 2018 16:18:33 GMT+0530 (India Standard Time):GET /
Wed Dec 12 2018 16:18:33 GMT+0530 (India Standard Time):GET /
Wed Dec 12 2018 16:18:33 GMT+0530 (India Standard Time):GET /
Wed Dec 12 2018 16:18:34 GMT+0530 (India Standard Time):GET /
Wed Dec 12 2018 16:18:34 GMT+0530 (India Standard Time):GET /
Wed Dec 12 2018 16:18:34 GMT+0530 (India Standard Time):GET /
Wed Dec 12 2018 16:18:34 GMT+0530 (India Standard Time):GET /
Wed Dec 12 2018 16:18:35 GMT+0530 (India Standard Time):GET /
Wed Dec 12 2018 16:29:19 GMT+0530 (India Standard Time):GET /
Wed Dec 12 2018 16:29:20 GMT+0530 (India Standard Time):GET /
Wed Dec 12 2018 16:29:20 GMT+0530 (India Standard Time):GET /
Wed Dec 12 2018 16:29:21 GMT+0530 (India Standard Time):GET /
Wed Dec 12 2018 16:29:21 GMT+0530 (India Standard Time):GET /
Wed Dec 12 2018 16:29:21 GMT+0530 (India Standard Time):GET /
Wed Dec 12 2018 16:29:21 GMT+0530 (India Standard Time):GET /
Wed Dec 12 2018 16:29:21 GMT+0530 (India Standard Time):GET /
Wed Dec 12 2018 16:30:57 GMT+0530 (India Standard Time):GET /
Wed Dec 12 2018 16:30:57 GMT+0530 (India Standard Time):GET /
Thu Dec 13 2018 10:24:18 GMT+0530 (India Standard Time):GET /
Thu Dec 13 2018 10:24:18 GMT+0530 (India Standard Time):GET /favicon.ico
Thu Dec 13 2018 10:25:26 GMT+0530 (India Standard Time):GET /
Thu Dec 13 2018 10:25:26 GMT+0530 (India Standard Time):GET /favicon.ico
Thu Dec 13 2018 10:25:28 GMT+0530 (India Standard Time):GET /
Thu Dec 13 2018 10:25:28 GMT+0530 (India Standard Time):GET /favicon.ico
Thu Dec 13 2018 10:25:28 GMT+0530 (India Standard Time):GET /
Thu Dec 13 2018 10:25:28 GMT+0530 (India Standard Time):GET /favicon.ico
Thu Dec 13 2018 10:25:28 GMT+0530 (India Standard Time):GET /
Thu Dec 13 2018 10:25:28 GMT+0530 (India Standard Time):GET /favicon.ico
Thu Dec 13 2018 10:25:29 GMT+0530 (India Standard Time):GET /
Thu Dec 13 2018 10:25:29 GMT+0530 (India Standard Time):GET /favicon.ico
Thu Dec 13 2018 10:25:29 GMT+0530 (India Standard Time):GET /
Thu Dec 13 2018 10:25:29 GMT+0530 (India Standard Time):GET /favicon.ico
Thu Dec 13 2018 10:25:29 GMT+0530 (India Standard Time):GET /
Thu Dec 13 2018 10:25:29 GMT+0530 (India Standard Time):GET /favicon.ico
Thu Dec 13 2018 10:25:29 GMT+0530 (India Standard Time):GET /
Thu Dec 13 2018 10:25:29 GMT+0530 (India Standard Time):GET /favicon.ico
Thu Dec 13 2018 10:25:29 GMT+0530 (India Standard Time):GET /
Thu Dec 13 2018 10:25:29 GMT+0530 (India Standard Time):GET /favicon.ico
Thu Dec 13 2018 10:25:41 GMT+0530 (India Standard Time):GET /
Thu Dec 13 2018 10:25:41 GMT+0530 (India Standard Time):GET /favicon.ico
Thu Dec 13 2018 10:53:09 GMT+0530 (India Standard Time):GET /
Thu Dec 13 2018 11:08:10 GMT+0530 (India Standard Time):GET /
Thu Dec 13 2018 11:23:21 GMT+0530 (India Standard Time):GET /
Thu Dec 13 2018 11:23:21 GMT+0530 (India Standard Time):GET /favicon.ico
Thu Dec 13 2018 11:37:20 GMT+0530 (India Standard Time):GET /
Thu Dec 13 2018 11:37:20 GMT+0530 (India Standard Time):GET /favicon.ico
Thu Dec 13 2018 11:37:22 GMT+0530 (India Standard Time):GET /about
Thu Dec 13 2018 11:37:22 GMT+0530 (India Standard Time):GET /
Thu Dec 13 2018 11:37:23 GMT+0530 (India Standard Time):GET /about
Thu Dec 13 2018 12:06:08 GMT+0530 (India Standard Time):GET /
Thu Dec 13 2018 12:06:08 GMT+0530 (India Standard Time):GET /favicon.ico
Thu Dec 13 2018 12:06:10 GMT+0530 (India Standard Time):GET /
Thu Dec 13 2018 12:06:10 GMT+0530 (India Standard Time):GET /about
Thu Dec 13 2018 12:06:10 GMT+0530 (India Standard Time):GET /
Thu Dec 13 2018 12:06:11 GMT+0530 (India Standard Time):GET /about
